Mayotte, pas de 1850
Il y a 87 villes et 83 noms
nb composantes : 31
false
false
false
false
Mayotte, pas de 2000
Il y a 87 villes et 83 noms
nb composantes : 24
false
false
false
false
Mayotte, pas de 3000
Il y a 87 villes et 83 noms
nb composantes : 4
false
true
false
false
Mayotte, pas de 3400
Il y a 87 villes et 83 noms
nb composantes : 2
false
true
false
true
Mayotte, pas de 4000
Il y a 87 villes et 83 noms
nb composantes : 1
true
true
true
true
France, pas de 2000.0
Il y a 53347 villes et 38951 noms
composantes : 29437
France, pas de 5000.0
Il y a 53347 villes et 38951 noms
